<?xml version="1.0" encoding="UTF-8"?>
<testsuite xmlns:xsi="http://www.w3.org/2001/XMLSchema-instance" xsi:noNamespaceSchemaLocation="https://maven.apache.org/surefire/maven-surefire-plugin/xsd/surefire-test-report.xsd" name="com.atguigu.gmall.Gmall0820PublisherApplicationTests" time="3.442" tests="1" errors="0" skipped="0" failures="0">
  <properties>
    <property name="sun.desktop" value="windows"/>
    <property name="awt.toolkit" value="sun.awt.windows.WToolkit"/>
    <property name="file.encoding.pkg" value="sun.io"/>
    <property name="java.specification.version" value="1.8"/>
    <property name="sun.cpu.isalist" value="amd64"/>
    <property name="sun.jnu.encoding" value="GBK"/>
    <property name="java.class.path" value="D:\dev\workspace\gmall0820-parent\gmall0820-publisher\target\test-classes;D:\dev\workspace\gmall0820-parent\gmall0820-publisher\target\classes;D:\dev\repository\org\springframework\boot\spring-boot-starter-jdbc\2.4.3\spring-boot-starter-jdbc-2.4.3.jar;D:\dev\repository\org\springframework\boot\spring-boot-starter\2.4.3\spring-boot-starter-2.4.3.jar;D:\dev\repository\org\springframework\boot\spring-boot\2.4.3\spring-boot-2.4.3.jar;D:\dev\repository\org\springframework\boot\spring-boot-autoconfigure\2.4.3\spring-boot-autoconfigure-2.4.3.jar;D:\dev\repository\org\springframework\boot\spring-boot-starter-logging\2.4.3\spring-boot-starter-logging-2.4.3.jar;D:\dev\repository\ch\qos\logback\logback-classic\1.2.3\logback-classic-1.2.3.jar;D:\dev\repository\ch\qos\logback\logback-core\1.2.3\logback-core-1.2.3.jar;D:\dev\repository\org\apache\logging\log4j\log4j-to-slf4j\2.13.3\log4j-to-slf4j-2.13.3.jar;D:\dev\repository\org\apache\logging\log4j\log4j-api\2.13.3\log4j-api-2.13.3.jar;D:\dev\repository\org\slf4j\jul-to-slf4j\1.7.30\jul-to-slf4j-1.7.30.jar;D:\dev\repository\jakarta\annotation\jakarta.annotation-api\1.3.5\jakarta.annotation-api-1.3.5.jar;D:\dev\repository\org\yaml\snakeyaml\1.27\snakeyaml-1.27.jar;D:\dev\repository\com\zaxxer\HikariCP\3.4.5\HikariCP-3.4.5.jar;D:\dev\repository\org\springframework\spring-jdbc\5.3.4\spring-jdbc-5.3.4.jar;D:\dev\repository\org\springframework\spring-beans\5.3.4\spring-beans-5.3.4.jar;D:\dev\repository\org\springframework\spring-tx\5.3.4\spring-tx-5.3.4.jar;D:\dev\repository\org\springframework\boot\spring-boot-starter-web\2.4.3\spring-boot-starter-web-2.4.3.jar;D:\dev\repository\org\springframework\boot\spring-boot-starter-json\2.4.3\spring-boot-starter-json-2.4.3.jar;D:\dev\repository\com\fasterxml\jackson\datatype\jackson-datatype-jdk8\2.11.4\jackson-datatype-jdk8-2.11.4.jar;D:\dev\repository\com\fasterxml\jackson\datatype\jackson-datatype-jsr310\2.11.4\jackson-datatype-jsr310-2.11.4.jar;D:\dev\repository\com\fasterxml\jackson\module\jackson-module-parameter-names\2.11.4\jackson-module-parameter-names-2.11.4.jar;D:\dev\repository\org\springframework\boot\spring-boot-starter-tomcat\2.4.3\spring-boot-starter-tomcat-2.4.3.jar;D:\dev\repository\org\apache\tomcat\embed\tomcat-embed-core\9.0.43\tomcat-embed-core-9.0.43.jar;D:\dev\repository\org\glassfish\jakarta.el\3.0.3\jakarta.el-3.0.3.jar;D:\dev\repository\org\apache\tomcat\embed\tomcat-embed-websocket\9.0.43\tomcat-embed-websocket-9.0.43.jar;D:\dev\repository\org\springframework\spring-web\5.3.4\spring-web-5.3.4.jar;D:\dev\repository\org\springframework\spring-webmvc\5.3.4\spring-webmvc-5.3.4.jar;D:\dev\repository\org\springframework\spring-aop\5.3.4\spring-aop-5.3.4.jar;D:\dev\repository\org\springframework\spring-context\5.3.4\spring-context-5.3.4.jar;D:\dev\repository\org\springframework\spring-expression\5.3.4\spring-expression-5.3.4.jar;D:\dev\repository\org\mybatis\spring\boot\mybatis-spring-boot-starter\2.1.3\mybatis-spring-boot-starter-2.1.3.jar;D:\dev\repository\org\mybatis\spring\boot\mybatis-spring-boot-autoconfigure\2.1.3\mybatis-spring-boot-autoconfigure-2.1.3.jar;D:\dev\repository\org\mybatis\mybatis\3.5.5\mybatis-3.5.5.jar;D:\dev\repository\org\mybatis\mybatis-spring\2.0.5\mybatis-spring-2.0.5.jar;D:\dev\repository\org\projectlombok\lombok\1.18.18\lombok-1.18.18.jar;D:\dev\repository\org\springframework\boot\spring-boot-starter-test\2.4.3\spring-boot-starter-test-2.4.3.jar;D:\dev\repository\org\springframework\boot\spring-boot-test\2.4.3\spring-boot-test-2.4.3.jar;D:\dev\repository\org\springframework\boot\spring-boot-test-autoconfigure\2.4.3\spring-boot-test-autoconfigure-2.4.3.jar;D:\dev\repository\com\jayway\jsonpath\json-path\2.4.0\json-path-2.4.0.jar;D:\dev\repository\net\minidev\json-smart\2.3\json-smart-2.3.jar;D:\dev\repository\net\minidev\accessors-smart\1.2\accessors-smart-1.2.jar;D:\dev\repository\org\ow2\asm\asm\5.0.4\asm-5.0.4.jar;D:\dev\repository\jakarta\xml\bind\jakarta.xml.bind-api\2.3.3\jakarta.xml.bind-api-2.3.3.jar;D:\dev\repository\jakarta\activation\jakarta.activation-api\1.2.2\jakarta.activation-api-1.2.2.jar;D:\dev\repository\org\assertj\assertj-core\3.18.1\assertj-core-3.18.1.jar;D:\dev\repository\org\hamcrest\hamcrest\2.2\hamcrest-2.2.jar;D:\dev\repository\org\junit\jupiter\junit-jupiter\5.7.1\junit-jupiter-5.7.1.jar;D:\dev\repository\org\junit\jupiter\junit-jupiter-api\5.7.1\junit-jupiter-api-5.7.1.jar;D:\dev\repository\org\apiguardian\apiguardian-api\1.1.0\apiguardian-api-1.1.0.jar;D:\dev\repository\org\opentest4j\opentest4j\1.2.0\opentest4j-1.2.0.jar;D:\dev\repository\org\junit\platform\junit-platform-commons\1.7.1\junit-platform-commons-1.7.1.jar;D:\dev\repository\org\junit\jupiter\junit-jupiter-params\5.7.1\junit-jupiter-params-5.7.1.jar;D:\dev\repository\org\junit\jupiter\junit-jupiter-engine\5.7.1\junit-jupiter-engine-5.7.1.jar;D:\dev\repository\org\junit\platform\junit-platform-engine\1.7.1\junit-platform-engine-1.7.1.jar;D:\dev\repository\org\mockito\mockito-core\3.6.28\mockito-core-3.6.28.jar;D:\dev\repository\net\bytebuddy\byte-buddy\1.10.20\byte-buddy-1.10.20.jar;D:\dev\repository\net\bytebuddy\byte-buddy-agent\1.10.20\byte-buddy-agent-1.10.20.jar;D:\dev\repository\org\objenesis\objenesis\3.1\objenesis-3.1.jar;D:\dev\repository\org\mockito\mockito-junit-jupiter\3.6.28\mockito-junit-jupiter-3.6.28.jar;D:\dev\repository\org\skyscreamer\jsonassert\1.5.0\jsonassert-1.5.0.jar;D:\dev\repository\com\vaadin\external\google\android-json\0.0.20131108.vaadin1\android-json-0.0.20131108.vaadin1.jar;D:\dev\repository\org\springframework\spring-core\5.3.4\spring-core-5.3.4.jar;D:\dev\repository\org\springframework\spring-jcl\5.3.4\spring-jcl-5.3.4.jar;D:\dev\repository\org\springframework\spring-test\5.3.4\spring-test-5.3.4.jar;D:\dev\repository\org\xmlunit\xmlunit-core\2.7.0\xmlunit-core-2.7.0.jar;D:\dev\repository\org\apache\commons\commons-lang3\3.11\commons-lang3-3.11.jar;D:\dev\repository\ru\yandex\clickhouse\clickhouse-jdbc\0.1.55\clickhouse-jdbc-0.1.55.jar;D:\dev\repository\org\apache\httpcomponents\httpclient\4.5.13\httpclient-4.5.13.jar;D:\dev\repository\org\apache\httpcomponents\httpcore\4.4.14\httpcore-4.4.14.jar;D:\dev\repository\commons-codec\commons-codec\1.15\commons-codec-1.15.jar;D:\dev\repository\org\apache\httpcomponents\httpmime\4.5.13\httpmime-4.5.13.jar;D:\dev\repository\net\jpountz\lz4\lz4\1.3.0\lz4-1.3.0.jar;D:\dev\repository\com\fasterxml\jackson\core\jackson-databind\2.11.4\jackson-databind-2.11.4.jar;D:\dev\repository\com\fasterxml\jackson\core\jackson-annotations\2.11.4\jackson-annotations-2.11.4.jar;D:\dev\repository\com\fasterxml\jackson\core\jackson-core\2.11.4\jackson-core-2.11.4.jar;D:\dev\repository\com\google\guava\guava\19.0\guava-19.0.jar;D:\dev\repository\org\slf4j\slf4j-api\1.7.30\slf4j-api-1.7.30.jar;D:\dev\repository\javax\xml\bind\jaxb-api\2.3.1\jaxb-api-2.3.1.jar;D:\dev\repository\javax\activation\javax.activation-api\1.2.0\javax.activation-api-1.2.0.jar;"/>
    <property name="java.vm.vendor" value="Oracle Corporation"/>
    <property name="sun.arch.data.model" value="64"/>
    <property name="user.variant" value=""/>
    <property name="java.vendor.url" value="http://java.oracle.com/"/>
    <property name="user.timezone" value="Asia/Shanghai"/>
    <property name="java.vm.specification.version" value="1.8"/>
    <property name="os.name" value="Windows 10"/>
    <property name="user.country" value="CN"/>
    <property name="sun.java.launcher" value="SUN_STANDARD"/>
    <property name="sun.boot.library.path" value="D:\dev\Java\jdk1.8.0_144\jre\bin"/>
    <property name="sun.java.command" value="C:\Users\ADMINI~1\AppData\Local\Temp\surefire6200275966073980026\surefirebooter5166552568303336929.jar C:\Users\Administrator\AppData\Local\Temp\surefire6200275966073980026 2021-03-01T15-01-54_979-jvmRun1 surefire6743004089589179088tmp surefire_04780515334843559243tmp"/>
    <property name="surefire.test.class.path" value="D:\dev\workspace\gmall0820-parent\gmall0820-publisher\target\test-classes;D:\dev\workspace\gmall0820-parent\gmall0820-publisher\target\classes;D:\dev\repository\org\springframework\boot\spring-boot-starter-jdbc\2.4.3\spring-boot-starter-jdbc-2.4.3.jar;D:\dev\repository\org\springframework\boot\spring-boot-starter\2.4.3\spring-boot-starter-2.4.3.jar;D:\dev\repository\org\springframework\boot\spring-boot\2.4.3\spring-boot-2.4.3.jar;D:\dev\repository\org\springframework\boot\spring-boot-autoconfigure\2.4.3\spring-boot-autoconfigure-2.4.3.jar;D:\dev\repository\org\springframework\boot\spring-boot-starter-logging\2.4.3\spring-boot-starter-logging-2.4.3.jar;D:\dev\repository\ch\qos\logback\logback-classic\1.2.3\logback-classic-1.2.3.jar;D:\dev\repository\ch\qos\logback\logback-core\1.2.3\logback-core-1.2.3.jar;D:\dev\repository\org\apache\logging\log4j\log4j-to-slf4j\2.13.3\log4j-to-slf4j-2.13.3.jar;D:\dev\repository\org\apache\logging\log4j\log4j-api\2.13.3\log4j-api-2.13.3.jar;D:\dev\repository\org\slf4j\jul-to-slf4j\1.7.30\jul-to-slf4j-1.7.30.jar;D:\dev\repository\jakarta\annotation\jakarta.annotation-api\1.3.5\jakarta.annotation-api-1.3.5.jar;D:\dev\repository\org\yaml\snakeyaml\1.27\snakeyaml-1.27.jar;D:\dev\repository\com\zaxxer\HikariCP\3.4.5\HikariCP-3.4.5.jar;D:\dev\repository\org\springframework\spring-jdbc\5.3.4\spring-jdbc-5.3.4.jar;D:\dev\repository\org\springframework\spring-beans\5.3.4\spring-beans-5.3.4.jar;D:\dev\repository\org\springframework\spring-tx\5.3.4\spring-tx-5.3.4.jar;D:\dev\repository\org\springframework\boot\spring-boot-starter-web\2.4.3\spring-boot-starter-web-2.4.3.jar;D:\dev\repository\org\springframework\boot\spring-boot-starter-json\2.4.3\spring-boot-starter-json-2.4.3.jar;D:\dev\repository\com\fasterxml\jackson\datatype\jackson-datatype-jdk8\2.11.4\jackson-datatype-jdk8-2.11.4.jar;D:\dev\repository\com\fasterxml\jackson\datatype\jackson-datatype-jsr310\2.11.4\jackson-datatype-jsr310-2.11.4.jar;D:\dev\repository\com\fasterxml\jackson\module\jackson-module-parameter-names\2.11.4\jackson-module-parameter-names-2.11.4.jar;D:\dev\repository\org\springframework\boot\spring-boot-starter-tomcat\2.4.3\spring-boot-starter-tomcat-2.4.3.jar;D:\dev\repository\org\apache\tomcat\embed\tomcat-embed-core\9.0.43\tomcat-embed-core-9.0.43.jar;D:\dev\repository\org\glassfish\jakarta.el\3.0.3\jakarta.el-3.0.3.jar;D:\dev\repository\org\apache\tomcat\embed\tomcat-embed-websocket\9.0.43\tomcat-embed-websocket-9.0.43.jar;D:\dev\repository\org\springframework\spring-web\5.3.4\spring-web-5.3.4.jar;D:\dev\repository\org\springframework\spring-webmvc\5.3.4\spring-webmvc-5.3.4.jar;D:\dev\repository\org\springframework\spring-aop\5.3.4\spring-aop-5.3.4.jar;D:\dev\repository\org\springframework\spring-context\5.3.4\spring-context-5.3.4.jar;D:\dev\repository\org\springframework\spring-expression\5.3.4\spring-expression-5.3.4.jar;D:\dev\repository\org\mybatis\spring\boot\mybatis-spring-boot-starter\2.1.3\mybatis-spring-boot-starter-2.1.3.jar;D:\dev\repository\org\mybatis\spring\boot\mybatis-spring-boot-autoconfigure\2.1.3\mybatis-spring-boot-autoconfigure-2.1.3.jar;D:\dev\repository\org\mybatis\mybatis\3.5.5\mybatis-3.5.5.jar;D:\dev\repository\org\mybatis\mybatis-spring\2.0.5\mybatis-spring-2.0.5.jar;D:\dev\repository\org\projectlombok\lombok\1.18.18\lombok-1.18.18.jar;D:\dev\repository\org\springframework\boot\spring-boot-starter-test\2.4.3\spring-boot-starter-test-2.4.3.jar;D:\dev\repository\org\springframework\boot\spring-boot-test\2.4.3\spring-boot-test-2.4.3.jar;D:\dev\repository\org\springframework\boot\spring-boot-test-autoconfigure\2.4.3\spring-boot-test-autoconfigure-2.4.3.jar;D:\dev\repository\com\jayway\jsonpath\json-path\2.4.0\json-path-2.4.0.jar;D:\dev\repository\net\minidev\json-smart\2.3\json-smart-2.3.jar;D:\dev\repository\net\minidev\accessors-smart\1.2\accessors-smart-1.2.jar;D:\dev\repository\org\ow2\asm\asm\5.0.4\asm-5.0.4.jar;D:\dev\repository\jakarta\xml\bind\jakarta.xml.bind-api\2.3.3\jakarta.xml.bind-api-2.3.3.jar;D:\dev\repository\jakarta\activation\jakarta.activation-api\1.2.2\jakarta.activation-api-1.2.2.jar;D:\dev\repository\org\assertj\assertj-core\3.18.1\assertj-core-3.18.1.jar;D:\dev\repository\org\hamcrest\hamcrest\2.2\hamcrest-2.2.jar;D:\dev\repository\org\junit\jupiter\junit-jupiter\5.7.1\junit-jupiter-5.7.1.jar;D:\dev\repository\org\junit\jupiter\junit-jupiter-api\5.7.1\junit-jupiter-api-5.7.1.jar;D:\dev\repository\org\apiguardian\apiguardian-api\1.1.0\apiguardian-api-1.1.0.jar;D:\dev\repository\org\opentest4j\opentest4j\1.2.0\opentest4j-1.2.0.jar;D:\dev\repository\org\junit\platform\junit-platform-commons\1.7.1\junit-platform-commons-1.7.1.jar;D:\dev\repository\org\junit\jupiter\junit-jupiter-params\5.7.1\junit-jupiter-params-5.7.1.jar;D:\dev\repository\org\junit\jupiter\junit-jupiter-engine\5.7.1\junit-jupiter-engine-5.7.1.jar;D:\dev\repository\org\junit\platform\junit-platform-engine\1.7.1\junit-platform-engine-1.7.1.jar;D:\dev\repository\org\mockito\mockito-core\3.6.28\mockito-core-3.6.28.jar;D:\dev\repository\net\bytebuddy\byte-buddy\1.10.20\byte-buddy-1.10.20.jar;D:\dev\repository\net\bytebuddy\byte-buddy-agent\1.10.20\byte-buddy-agent-1.10.20.jar;D:\dev\repository\org\objenesis\objenesis\3.1\objenesis-3.1.jar;D:\dev\repository\org\mockito\mockito-junit-jupiter\3.6.28\mockito-junit-jupiter-3.6.28.jar;D:\dev\repository\org\skyscreamer\jsonassert\1.5.0\jsonassert-1.5.0.jar;D:\dev\repository\com\vaadin\external\google\android-json\0.0.20131108.vaadin1\android-json-0.0.20131108.vaadin1.jar;D:\dev\repository\org\springframework\spring-core\5.3.4\spring-core-5.3.4.jar;D:\dev\repository\org\springframework\spring-jcl\5.3.4\spring-jcl-5.3.4.jar;D:\dev\repository\org\springframework\spring-test\5.3.4\spring-test-5.3.4.jar;D:\dev\repository\org\xmlunit\xmlunit-core\2.7.0\xmlunit-core-2.7.0.jar;D:\dev\repository\org\apache\commons\commons-lang3\3.11\commons-lang3-3.11.jar;D:\dev\repository\ru\yandex\clickhouse\clickhouse-jdbc\0.1.55\clickhouse-jdbc-0.1.55.jar;D:\dev\repository\org\apache\httpcomponents\httpclient\4.5.13\httpclient-4.5.13.jar;D:\dev\repository\org\apache\httpcomponents\httpcore\4.4.14\httpcore-4.4.14.jar;D:\dev\repository\commons-codec\commons-codec\1.15\commons-codec-1.15.jar;D:\dev\repository\org\apache\httpcomponents\httpmime\4.5.13\httpmime-4.5.13.jar;D:\dev\repository\net\jpountz\lz4\lz4\1.3.0\lz4-1.3.0.jar;D:\dev\repository\com\fasterxml\jackson\core\jackson-databind\2.11.4\jackson-databind-2.11.4.jar;D:\dev\repository\com\fasterxml\jackson\core\jackson-annotations\2.11.4\jackson-annotations-2.11.4.jar;D:\dev\repository\com\fasterxml\jackson\core\jackson-core\2.11.4\jackson-core-2.11.4.jar;D:\dev\repository\com\google\guava\guava\19.0\guava-19.0.jar;D:\dev\repository\org\slf4j\slf4j-api\1.7.30\slf4j-api-1.7.30.jar;D:\dev\repository\javax\xml\bind\jaxb-api\2.3.1\jaxb-api-2.3.1.jar;D:\dev\repository\javax\activation\javax.activation-api\1.2.0\javax.activation-api-1.2.0.jar;"/>
    <property name="sun.cpu.endian" value="little"/>
    <property name="user.home" value="C:\Users\Administrator"/>
    <property name="user.language" value="zh"/>
    <property name="java.specification.vendor" value="Oracle Corporation"/>
    <property name="java.home" value="D:\dev\Java\jdk1.8.0_144\jre"/>
    <property name="basedir" value="D:\dev\workspace\gmall0820-parent\gmall0820-publisher"/>
    <property name="file.separator" value="\"/>
    <property name="line.separator" value="&#10;"/>
    <property name="java.vm.specification.vendor" value="Oracle Corporation"/>
    <property name="java.specification.name" value="Java Platform API Specification"/>
    <property name="java.awt.graphicsenv" value="sun.awt.Win32GraphicsEnvironment"/>
    <property name="surefire.real.class.path" value="C:\Users\ADMINI~1\AppData\Local\Temp\surefire6200275966073980026\surefirebooter5166552568303336929.jar"/>
    <property name="sun.boot.class.path" value="D:\dev\Java\jdk1.8.0_144\jre\lib\resources.jar;D:\dev\Java\jdk1.8.0_144\jre\lib\rt.jar;D:\dev\Java\jdk1.8.0_144\jre\lib\sunrsasign.jar;D:\dev\Java\jdk1.8.0_144\jre\lib\jsse.jar;D:\dev\Java\jdk1.8.0_144\jre\lib\jce.jar;D:\dev\Java\jdk1.8.0_144\jre\lib\charsets.jar;D:\dev\Java\jdk1.8.0_144\jre\lib\jfr.jar;D:\dev\Java\jdk1.8.0_144\jre\classes"/>
    <property name="user.script" value=""/>
    <property name="sun.management.compiler" value="HotSpot 64-Bit Tiered Compilers"/>
    <property name="java.runtime.version" value="1.8.0_144-b01"/>
    <property name="user.name" value="Administrator"/>
    <property name="path.separator" value=";"/>
    <property name="os.version" value="10.0"/>
    <property name="java.endorsed.dirs" value="D:\dev\Java\jdk1.8.0_144\jre\lib\endorsed"/>
    <property name="java.runtime.name" value="Java(TM) SE Runtime Environment"/>
    <property name="file.encoding" value="GBK"/>
    <property name="java.vm.name" value="Java HotSpot(TM) 64-Bit Server VM"/>
    <property name="localRepository" value="D:\dev\repository"/>
    <property name="java.vendor.url.bug" value="http://bugreport.sun.com/bugreport/"/>
    <property name="java.io.tmpdir" value="C:\Users\ADMINI~1\AppData\Local\Temp\"/>
    <property name="idea.version" value="2018.3.3"/>
    <property name="java.version" value="1.8.0_144"/>
    <property name="user.dir" value="D:\dev\workspace\gmall0820-parent\gmall0820-publisher"/>
    <property name="os.arch" value="amd64"/>
    <property name="java.vm.specification.name" value="Java Virtual Machine Specification"/>
    <property name="java.awt.printerjob" value="sun.awt.windows.WPrinterJob"/>
    <property name="sun.os.patch.level" value=""/>
    <property name="java.library.path" value="D:\dev\Java\jdk1.8.0_144\jre\bin;C:\Windows\Sun\Java\bin;C:\Windows\system32;C:\Windows;D:\dev\Java\jdk1.8.0_144\bin;D:\dev\software\apache-maven-3.3.9\bin;D:\dev\software\hadoop-3.1.0\bin;D:\dev\software\scala-2.12.11\bin;D:\dev\software\netcat-win32-1.12;C:\Windows\system32;C:\Windows;C:\Windows\System32\Wbem;C:\Windows\System32\WindowsPowerShell\v1.0\;C:\Windows\System32\OpenSSH\;C:\Program Files\NVIDIA Corporation\NVIDIA NGX;C:\Users\Administrator\AppData\Local\Microsoft\WindowsApps;D:\dev\software\SecureCRT\;."/>
    <property name="java.vm.info" value="mixed mode"/>
    <property name="java.vendor" value="Oracle Corporation"/>
    <property name="java.vm.version" value="25.144-b01"/>
    <property name="java.ext.dirs" value="D:\dev\Java\jdk1.8.0_144\jre\lib\ext;C:\Windows\Sun\Java\lib\ext"/>
    <property name="sun.io.unicode.encoding" value="UnicodeLittle"/>
    <property name="java.class.version" value="52.0"/>
  </properties>
  <testcase name="contextLoads" classname="com.atguigu.gmall.Gmall0820PublisherApplicationTests" time="0.282"/>
</testsuite>